# JRE version: Java(TM) SE Runtime Environment (8.0_05-b13) (build 1.8.0_05-b13)
# Java VM: Java HotSpot(TM) 64-Bit Server VM (25.5-b02 mixed mode windows-amd64 compressed oops)
Heap:
 PSYoungGen      total 33792K, used 5649K [0x000000076ad80000, 0x000000076d280000, 0x00000007c0000000)
  eden space 30208K, 18% used [0x000000076ad80000,0x000000076b304608,0x000000076cb00000)
  from space 3584K, 0% used [0x000000076ce80000,0x000000076ce80000,0x000000076d200000)
  to   space 3584K, 0% used [0x000000076cb00000,0x000000076cb00000,0x000000076ce80000)
 ParOldGen       total 17920K, used 11254K [0x00000006c0800000, 0x00000006c1980000, 0x000000076ad80000)
  object space 17920K, 62% used [0x00000006c0800000,0x00000006c12fd910,0x00000006c1980000)
 Metaspace       used 24086K, capacity 24798K, committed 24960K, reserved 1071104K
  class space    used 3540K, capacity 3684K, committed 3712K, reserved 1048576K
GC Heap History (10 events):
Event: 1.518 GC heap before
{Heap before GC invocations=17 (full 1):
 PSYoungGen      total 29696K, used 2027K [0x000000076ad80000, 0x000000076ce00000, 0x00000007c0000000)
  eden space 27648K, 0% used [0x000000076ad80000,0x000000076ad80000,0x000000076c880000)
  from space 2048K, 98% used [0x000000076cb00000,0x000000076ccfad88,0x000000076cd00000)
  to   space 2560K, 0% used [0x000000076c880000,0x000000076c880000,0x000000076cb00000)
 ParOldGen       total 260608K, used 5406K [0x00000006c0800000, 0x00000006d0680000, 0x000000076ad80000)
  object space 260608K, 2% used [0x00000006c0800000,0x00000006c0d479a8,0x00000006d0680000)
 Metaspace       used 20719K, capacity 21150K, committed 21248K, reserved 1067008K
  class space    used 3170K, capacity 3290K, committed 3328K, reserved 1048576K
Event: 1.579 GC heap after
Heap after GC invocations=17 (full 1):
 PSYoungGen      total 29696K, used 0K [0x000000076ad80000, 0x000000076ce00000, 0x00000007c0000000)
  eden space 27648K, 0% used [0x000000076ad80000,0x000000076ad80000,0x000000076c880000)
  from space 2048K, 0% used [0x000000076cb00000,0x000000076cb00000,0x000000076cd00000)
  to   space 2560K, 0% used [0x000000076c880000,0x000000076c880000,0x000000076cb00000)
 ParOldGen       total 8704K, used 6439K [0x00000006c0800000, 0x00000006c1080000, 0x000000076ad80000)
  object space 8704K, 73% used [0x00000006c0800000,0x00000006c0e49fe8,0x00000006c1080000)
 Metaspace       used 20719K, capacity 21150K, committed 21248K, reserved 1067008K
  class space    used 3170K, capacity 3290K, committed 3328K, reserved 1048576K
}
Event: 16.877 GC heap before
{Heap before GC invocations=18 (full 1):
 PSYoungGen      total 29696K, used 27648K [0x000000076ad80000, 0x000000076ce00000, 0x00000007c0000000)
  eden space 27648K, 100% used [0x000000076ad80000,0x000000076c880000,0x000000076c880000)
  from space 2048K, 0% used [0x000000076cb00000,0x000000076cb00000,0x000000076cd00000)
  to   space 2560K, 0% used [0x000000076c880000,0x000000076c880000,0x000000076cb00000)
 ParOldGen       total 8704K, used 6439K [0x00000006c0800000, 0x00000006c1080000, 0x000000076ad80000)
  object space 8704K, 73% used [0x00000006c0800000,0x00000006c0e49fe8,0x00000006c1080000)
 Metaspace       used 23613K, capacity 24252K, committed 24448K, reserved 1071104K
  class space    used 3494K, capacity 3607K, committed 3712K, reserved 1048576K
Event: 16.880 GC heap after
Heap after GC invocations=18 (full 1):
 PSYoungGen      total 30208K, used 2528K [0x000000076ad80000, 0x000000076d200000, 0x00000007c0000000)
  eden space 27648K, 0% used [0x000000076ad80000,0x000000076ad80000,0x000000076c880000)
  from space 2560K, 98% used [0x000000076c880000,0x000000076caf8020,0x000000076cb00000)
  to   space 3584K, 0% used [0x000000076ce80000,0x000000076ce80000,0x000000076d200000)
 ParOldGen       total 9216K, used 8920K [0x00000006c0800000, 0x00000006c1100000, 0x000000076ad80000)
  object space 9216K, 96% used [0x00000006c0800000,0x00000006c10b6048,0x00000006c1100000)
 Metaspace       used 23613K, capacity 24252K, committed 24448K, reserved 1071104K
  class space    used 3494K, capacity 3607K, committed 3712K, reserved 1048576K
}
Event: 16.880 GC heap before
{Heap before GC invocations=19 (full 2):
 PSYoungGen      total 30208K, used 2528K [0x000000076ad80000, 0x000000076d200000, 0x00000007c0000000)
  eden space 27648K, 0% used [0x000000076ad80000,0x000000076ad80000,0x000000076c880000)
  from space 2560K, 98% used [0x000000076c880000,0x000000076caf8020,0x000000076cb00000)
  to   space 3584K, 0% used [0x000000076ce80000,0x000000076ce80000,0x000000076d200000)
 ParOldGen       total 9216K, used 8920K [0x00000006c0800000, 0x00000006c1100000, 0x000000076ad80000)
  object space 9216K, 96% used [0x00000006c0800000,0x00000006c10b6048,0x00000006c1100000)
 Metaspace       used 23613K, capacity 24252K, committed 24448K, reserved 1071104K
  class space    used 3494K, capacity 3607K, committed 3712K, reserved 1048576K
Event: 16.994 GC heap after
Heap after GC invocations=19 (full 2):
 PSYoungGen      total 30208K, used 2524K [0x000000076ad80000, 0x000000076d200000, 0x00000007c0000000)
  eden space 27648K, 0% used [0x000000076ad80000,0x000000076ad80000,0x000000076c880000)
  from space 2560K, 98% used [0x000000076c880000,0x000000076caf7178,0x000000076cb00000)
  to   space 3584K, 0% used [0x000000076ce80000,0x000000076ce80000,0x000000076d200000)
 ParOldGen       total 12288K, used 8476K [0x00000006c0800000, 0x00000006c1400000, 0x000000076ad80000)
  object space 12288K, 68% used [0x00000006c0800000,0x00000006c10470a0,0x00000006c1400000)
 Metaspace       used 23613K, capacity 24252K, committed 24448K, reserved 1071104K
  class space    used 3494K, capacity 3607K, committed 3712K, reserved 1048576K
}
Event: 285.566 GC heap before
{Heap before GC invocations=20 (full 2):
 PSYoungGen      total 30208K, used 30172K [0x000000076ad80000, 0x000000076d200000, 0x00000007c0000000)
  eden space 27648K, 100% used [0x000000076ad80000,0x000000076c880000,0x000000076c880000)
  from space 2560K, 98% used [0x000000076c880000,0x000000076caf7178,0x000000076cb00000)
  to   space 3584K, 0% used [0x000000076ce80000,0x000000076ce80000,0x000000076d200000)
 ParOldGen       total 12288K, used 8476K [0x00000006c0800000, 0x00000006c1400000, 0x000000076ad80000)
  object space 12288K, 68% used [0x00000006c0800000,0x00000006c10470a0,0x00000006c1400000)
 Metaspace       used 24054K, capacity 24774K, committed 24960K, reserved 1071104K
  class space    used 3535K, capacity 3678K, committed 3712K, reserved 1048576K
Event: 285.569 GC heap after
Heap after GC invocations=20 (full 2):
 PSYoungGen      total 33792K, used 544K [0x000000076ad80000, 0x000000076d280000, 0x00000007c0000000)
  eden space 30208K, 0% used [0x000000076ad80000,0x000000076ad80000,0x000000076cb00000)
  from space 3584K, 15% used [0x000000076ce80000,0x000000076cf08070,0x000000076d200000)
  to   space 3584K, 0% used [0x000000076cb00000,0x000000076cb00000,0x000000076ce80000)
 ParOldGen       total 14848K, used 13101K [0x00000006c0800000, 0x00000006c1680000, 0x000000076ad80000)
  object space 14848K, 88% used [0x00000006c0800000,0x00000006c14cb770,0x00000006c1680000)
 Metaspace       used 24054K, capacity 24774K, committed 24960K, reserved 1071104K
  class space    used 3535K, capacity 3678K, committed 3712K, reserved 1048576K
}
Event: 285.569 GC heap before
{Heap before GC invocations=21 (full 3):
 PSYoungGen      total 33792K, used 544K [0x000000076ad80000, 0x000000076d280000, 0x00000007c0000000)
  eden space 30208K, 0% used [0x000000076ad80000,0x000000076ad80000,0x000000076cb00000)
  from space 3584K, 15% used [0x000000076ce80000,0x000000076cf08070,0x000000076d200000)
  to   space 3584K, 0% used [0x000000076cb00000,0x000000076cb00000,0x000000076ce80000)
 ParOldGen       total 14848K, used 13101K [0x00000006c0800000, 0x00000006c1680000, 0x000000076ad80000)
  object space 14848K, 88% used [0x00000006c0800000,0x00000006c14cb770,0x00000006c1680000)
 Metaspace       used 24054K, capacity 24774K, committed 24960K, reserved 1071104K
  class space    used 3535K, capacity 3678K, committed 3712K, reserved 1048576K
Event: 285.674 GC heap after
Heap after GC invocations=21 (full 3):
 PSYoungGen      total 33792K, used 0K [0x000000076ad80000, 0x000000076d280000, 0x00000007c0000000)
  eden space 30208K, 0% used [0x000000076ad80000,0x000000076ad80000,0x000000076cb00000)
  from space 3584K, 0% used [0x000000076ce80000,0x000000076ce80000,0x000000076d200000)
  to   space 3584K, 0% used [0x000000076cb00000,0x000000076cb00000,0x000000076ce80000)
 ParOldGen       total 17920K, used 11254K [0x00000006c0800000, 0x00000006c1980000, 0x000000076ad80000)
  object space 17920K, 62% used [0x00000006c0800000,0x00000006c12fd910,0x00000006c1980000)
 Metaspace       used 24051K, capacity 24770K, committed 24960K, reserved 1071104K
  class space    used 3534K, capacity 3676K, committed 3712K, reserved 1048576K
}

